5/8/2023, 1:42:39 PM: wowow@uw.edu logged in
5/8/2023, 1:44:33 PM: wow@uw.edu logged in
5/8/2023, 1:45:52 PM: wow@uw.edu logged in
5/8/2023, 1:47:58 PM: wow@uw.edu logged in
5/8/2023, 2:04:33 PM: 123@uw.edu logged in
5/8/2023, 2:04:46 PM: 123@uw.edu logged in
5/8/2023, 2:05:22 PM: 123@uw.edu logged in
5/8/2023, 2:08:39 PM: 123@uw.edu logged in
5/8/2023, 4:32:21 PM: dvwe@uw.edu logged in
5/8/2023, 4:34:12 PM: dvwe@uw.edu logged in
5/8/2023, 4:34:14 PM: dvwe@uw.edu logged in
5/8/2023, 4:34:31 PM: asdvc@uw.edu logged in
5/8/2023, 4:34:59 PM: qef@uw.edu logged in
5/8/2023, 4:35:17 PM: 123@uw.edu logged in
5/8/2023, 4:35:53 PM: 123@uw.edu logged in
5/8/2023, 4:36:00 PM: 123@uw.edu logged in
5/8/2023, 4:36:33 PM: 123@uw.edu logged in
5/8/2023, 4:39:40 PM: 123@uw.edu logged in
5/8/2023, 4:41:23 PM: 123@uw.edu logged in
5/8/2023, 4:42:06 PM: 123@uw.edu logged in
5/8/2023, 4:42:45 PM: 123@uw.edu logged in
5/8/2023, 4:42:54 PM: 123@uw.edu logged in
5/8/2023, 4:43:31 PM: wev@uw.edu logged in
5/8/2023, 4:44:16 PM: 123@uw.edu logged in
5/8/2023, 4:44:16 PM: 123@uw.edu logged in
5/8/2023, 4:44:16 PM: 123@uw.edu logged in
5/8/2023, 4:44:17 PM: 123@uw.edu logged in
5/8/2023, 4:44:21 PM: 123@uw.edu logged in
5/8/2023, 4:50:51 PM: 123@uw.edu logged in
5/8/2023, 4:51:01 PM: 123@uw.edu logged in
5/8/2023, 4:54:51 PM: 123@uw.edu logged in
5/8/2023, 4:55:00 PM: 123@uw.edu logged in
5/8/2023, 4:58:29 PM: 123@uw.edu logged in
5/8/2023, 5:00:06 PM: 123@uw.edu logged in
5/8/2023, 5:01:55 PM: 123@uw.edu logged in
5/8/2023, 5:03:50 PM: 123@uw.edu logged in
5/8/2023, 5:04:02 PM: 123@uw.edu logged in
5/8/2023, 5:08:52 PM: evqev@uw.edu logged in
5/8/2023, 5:09:02 PM: 123@uw.edu logged in
5/8/2023, 5:10:01 PM: 123@uw.edu logged in
5/8/2023, 5:10:24 PM: wweg@uw.edu logged in
5/8/2023, 6:11:51 PM: 123@uw.edu logged in
5/8/2023, 6:25:12 PM: 123@uw.edu logged in
5/8/2023, 6:25:22 PM: 123@uw.edu logged in
5/8/2023, 7:15:02 PM: 123@uw.edu logged in
5/8/2023, 7:18:18 PM: 123@uw.edu logged in
5/8/2023, 7:19:01 PM: 123@uw.edu logged in
5/8/2023, 7:23:05 PM: 123@uw.edu logged in
5/8/2023, 7:26:05 PM: 123@uw.edu logged in
5/8/2023, 7:26:47 PM: 123@uw.edu logged in
5/8/2023, 7:27:41 PM: 123@uw.edu logged in
5/8/2023, 7:27:50 PM: 123@uw.edu logged in
5/8/2023, 7:30:51 PM: 123@uw.edu logged in
5/8/2023, 7:32:00 PM: 123@uw.edu logged in
5/8/2023, 7:33:08 PM: 123@uw.edu logged in
5/8/2023, 9:52:12 PM: 123@uw.edu logged in
5/8/2023, 9:52:12 PM: 123 logged in
5/8/2023, 11:06:20 PM: 123@uw.edu logged in
5/8/2023, 11:06:46 PM: 123@uw.edu logged in
5/15/2023, 1:45:50 AM: pokemon678 logged in
5/15/2023, 1:46:15 AM: pokemon678 logged in
