5/5/2023, 2:10:29 PM: chat@uw.edu logged in
5/8/2023, 12:44:01 PM: davin123@uw.edu logged in
5/8/2023, 12:49:34 PM: davin123@uw.edu logged in
5/8/2023, 1:21:05 PM: davin123@uw.edu logged in
5/8/2023, 2:00:40 PM: davin123@uw.edu logged in
5/8/2023, 2:03:26 PM: davin123@uw.edu logged in
5/8/2023, 2:03:26 PM: davin123@uw.edu logged in
5/8/2023, 2:03:26 PM: davin123@uw.edu logged in
5/8/2023, 2:09:31 PM: 123@uw.edu logged in
5/8/2023, 10:14:44 PM: pokemon678 logged in
5/8/2023, 10:15:43 PM: pokemon678 logged in
5/8/2023, 10:17:12 PM: pokemon678 logged in
5/8/2023, 10:18:03 PM: pokemon678 logged in
5/8/2023, 10:20:41 PM: pokemon678 logged in
5/8/2023, 10:25:23 PM: pokemon678 logged in
5/8/2023, 10:26:10 PM: pokemon678 logged in
5/8/2023, 10:28:08 PM: pokemon678 logged in
5/8/2023, 10:42:03 PM: 123@uw.edu logged in
5/8/2023, 10:42:03 PM: 123 logged in
5/8/2023, 10:46:02 PM: pokemon678 logged in
5/8/2023, 10:47:08 PM: pokemon678 logged in
5/8/2023, 10:47:32 PM: 123@uw.edu logged in
5/8/2023, 10:47:32 PM: 123 logged in
5/8/2023, 10:50:24 PM: jumppy@uw.edu logged in
5/8/2023, 10:52:00 PM: 123@uw.edu logged in
5/8/2023, 10:52:00 PM: 123 logged in
